<?xml version="1.0" encoding="UTF-8"?>
<!-- Generated by org.testng.reporters.JUnitReportReporter -->
<testsuite hostname="DESKTOP-1S1HMOG" failures="0" tests="1" name="packone.One" time="3.140" errors="0" timestamp="2023-07-05T11:36:55 IST" skipped="0">
  <testcase classname="packone.One" name="my1" time="3.140"/>
  <system-out/>
</testsuite> <!-- packone.One -->
